[2026-03-09 02:58:02] === DELETE API CALLED ===
[2026-03-09 02:58:02] Request Method: POST
[2026-03-09 02:58:02] User Agent: N/A
[2026-03-09 02:58:02] Database connection OK
[2026-03-09 02:58:02] Getting count before deletion...
[2026-03-09 02:58:02] Records found: 5
[2026-03-09 02:58:02] Executing DELETE FROM delivery_records...
[2026-03-09 02:58:02] Delete executed successfully
[2026-03-09 02:58:02] Verification: 0 records remaining
[2026-03-09 02:58:02] SUCCESS: Deleted 5 records
[2026-03-09 02:58:02] === DELETE API END ===\n
[2026-03-09 03:01:12] === DELETE API CALLED ===
[2026-03-09 03:01:12] Request Method: POST
[2026-03-09 03:01:12] User Agent: N/A
[2026-03-09 03:01:12] Database connection OK
[2026-03-09 03:01:12] STEP 1: Getting count of delivery_records...
[2026-03-09 03:01:12] Found 5 delivery records
[2026-03-09 03:01:12] STEP 2: Executing DELETE FROM delivery_records...
[2026-03-09 03:01:12] Successfully deleted 5 records from delivery_records
[2026-03-09 03:01:12] STEP 3: Executing DELETE FROM inventory...
[2026-03-09 03:01:12] Inventory cleared
[2026-03-09 03:01:12] STEP 4: Executing DELETE FROM security_alerts...
[2026-03-09 03:01:12] Security alerts cleared
[2026-03-09 03:01:12] STEP 5: Executing DELETE FROM login_attempts...
[2026-03-09 03:01:12] Login attempts cleared
[2026-03-09 03:01:12] STEP 6: Verifying all data deleted...
[2026-03-09 03:01:12] Verification - delivery_records: 0 records remaining
[2026-03-09 03:01:12] Verification - security_alerts: 0 records remaining
[2026-03-09 03:01:12] SUCCESS: Deleted 5 delivery records and cleared all related data
[2026-03-09 03:01:12] === DELETE API END ===\n
[2026-03-09 03:18:42] === DELETE API CALLED ===
[2026-03-09 03:18:42] Request Method: POST
[2026-03-09 03:18:42] User Agent: Mozilla/5.0 (Windows NT 10.0; Win64; x64) AppleWebKit/537.36 (KHTML, like Gecko) Chrome/145.0.0.0 Safari/537.36
[2026-03-09 03:18:42] Database connection OK
[2026-03-09 03:18:42] STEP 1: Getting count of delivery_records...
[2026-03-09 03:18:42] Found 5 delivery records
[2026-03-09 03:18:42] STEP 2: Executing DELETE FROM delivery_records...
[2026-03-09 03:18:42] Successfully deleted 5 records from delivery_records
[2026-03-09 03:18:42] STEP 3: Executing DELETE FROM inventory...
[2026-03-09 03:18:42] Inventory cleared
[2026-03-09 03:18:42] STEP 4: Executing DELETE FROM security_alerts...
[2026-03-09 03:18:42] Security alerts cleared
[2026-03-09 03:18:42] STEP 5: Executing DELETE FROM login_attempts...
[2026-03-09 03:18:42] Login attempts cleared
[2026-03-09 03:18:42] STEP 6: Verifying all data deleted...
[2026-03-09 03:18:42] Verification - delivery_records: 0 records remaining
[2026-03-09 03:18:42] Verification - security_alerts: 0 records remaining
[2026-03-09 03:18:42] SUCCESS: Deleted 5 delivery records and cleared all related data
[2026-03-09 03:18:42] === DELETE API END ===\n
[2026-03-09 03:18:45] === DELETE API CALLED ===
[2026-03-09 03:18:45] Request Method: POST
[2026-03-09 03:18:45] User Agent: Mozilla/5.0 (Windows NT 10.0; Win64; x64) AppleWebKit/537.36 (KHTML, like Gecko) Chrome/145.0.0.0 Safari/537.36
[2026-03-09 03:18:45] Database connection OK
[2026-03-09 03:18:45] STEP 1: Getting count of delivery_records...
[2026-03-09 03:18:45] Found 0 delivery records
[2026-03-09 03:18:45] STEP 2: Executing DELETE FROM delivery_records...
[2026-03-09 03:18:45] Successfully deleted 0 records from delivery_records
[2026-03-09 03:18:45] STEP 3: Executing DELETE FROM inventory...
[2026-03-09 03:18:45] Inventory cleared
[2026-03-09 03:18:45] STEP 4: Executing DELETE FROM security_alerts...
[2026-03-09 03:18:45] Security alerts cleared
[2026-03-09 03:18:45] STEP 5: Executing DELETE FROM login_attempts...
[2026-03-09 03:18:45] Login attempts cleared
[2026-03-09 03:18:45] STEP 6: Verifying all data deleted...
[2026-03-09 03:18:45] Verification - delivery_records: 0 records remaining
[2026-03-09 03:18:45] Verification - security_alerts: 0 records remaining
[2026-03-09 03:18:45] SUCCESS: Deleted 0 delivery records and cleared all related data
[2026-03-09 03:18:45] === DELETE API END ===\n
[2026-03-09 03:19:09] === DELETE API CALLED ===
[2026-03-09 03:19:09] Request Method: POST
[2026-03-09 03:19:09] User Agent: Mozilla/5.0 (Windows NT 10.0; Win64; x64) AppleWebKit/537.36 (KHTML, like Gecko) Chrome/145.0.0.0 Safari/537.36
[2026-03-09 03:19:09] Database connection OK
[2026-03-09 03:19:09] STEP 1: Getting count of delivery_records...
[2026-03-09 03:19:09] Found 0 delivery records
[2026-03-09 03:19:09] STEP 2: Executing DELETE FROM delivery_records...
[2026-03-09 03:19:09] Successfully deleted 0 records from delivery_records
[2026-03-09 03:19:09] STEP 3: Executing DELETE FROM inventory...
[2026-03-09 03:19:09] Inventory cleared
[2026-03-09 03:19:09] STEP 4: Executing DELETE FROM security_alerts...
[2026-03-09 03:19:09] Security alerts cleared
[2026-03-09 03:19:09] STEP 5: Executing DELETE FROM login_attempts...
[2026-03-09 03:19:09] Login attempts cleared
[2026-03-09 03:19:09] STEP 6: Verifying all data deleted...
[2026-03-09 03:19:09] Verification - delivery_records: 0 records remaining
[2026-03-09 03:19:09] Verification - security_alerts: 0 records remaining
[2026-03-09 03:19:09] SUCCESS: Deleted 0 delivery records and cleared all related data
[2026-03-09 03:19:09] === DELETE API END ===\n
[2026-03-09 03:22:22] === DELETE API CALLED ===
[2026-03-09 03:22:22] Request Method: POST
[2026-03-09 03:22:22] User Agent: Mozilla/5.0 (Windows NT 10.0; Win64; x64) AppleWebKit/537.36 (KHTML, like Gecko) Chrome/145.0.0.0 Safari/537.36
[2026-03-09 03:22:22] Database connection OK
[2026-03-09 03:22:22] STEP 1: Getting count of delivery_records...
[2026-03-09 03:22:22] Found 1 delivery records
[2026-03-09 03:22:22] STEP 2: Executing DELETE FROM delivery_records...
[2026-03-09 03:22:22] Successfully deleted 1 records from delivery_records
[2026-03-09 03:22:22] STEP 3: Executing DELETE FROM inventory...
[2026-03-09 03:22:22] Inventory cleared
[2026-03-09 03:22:22] STEP 4: Executing DELETE FROM security_alerts...
[2026-03-09 03:22:22] Security alerts cleared
[2026-03-09 03:22:22] STEP 5: Executing DELETE FROM login_attempts...
[2026-03-09 03:22:22] Login attempts cleared
[2026-03-09 03:22:22] STEP 6: Verifying all data deleted...
[2026-03-09 03:22:22] Verification - delivery_records: 0 records remaining
[2026-03-09 03:22:22] Verification - security_alerts: 0 records remaining
[2026-03-09 03:22:22] SUCCESS: Deleted 1 delivery records and cleared all related data
[2026-03-09 03:22:22] === DELETE API END ===\n
[2026-03-09 03:22:28] === DELETE API CALLED ===
[2026-03-09 03:22:28] Request Method: POST
[2026-03-09 03:22:28] User Agent: Mozilla/5.0 (Windows NT 10.0; Win64; x64) AppleWebKit/537.36 (KHTML, like Gecko) Chrome/145.0.0.0 Safari/537.36
[2026-03-09 03:22:28] Database connection OK
[2026-03-09 03:22:28] STEP 1: Getting count of delivery_records...
[2026-03-09 03:22:28] Found 0 delivery records
[2026-03-09 03:22:28] STEP 2: Executing DELETE FROM delivery_records...
[2026-03-09 03:22:28] Successfully deleted 0 records from delivery_records
[2026-03-09 03:22:28] STEP 3: Executing DELETE FROM inventory...
[2026-03-09 03:22:28] Inventory cleared
[2026-03-09 03:22:28] STEP 4: Executing DELETE FROM security_alerts...
[2026-03-09 03:22:28] Security alerts cleared
[2026-03-09 03:22:28] STEP 5: Executing DELETE FROM login_attempts...
[2026-03-09 03:22:28] Login attempts cleared
[2026-03-09 03:22:28] STEP 6: Verifying all data deleted...
[2026-03-09 03:22:28] Verification - delivery_records: 0 records remaining
[2026-03-09 03:22:28] Verification - security_alerts: 0 records remaining
[2026-03-09 03:22:28] SUCCESS: Deleted 0 delivery records and cleared all related data
[2026-03-09 03:22:28] === DELETE API END ===\n
[2026-03-09 03:43:13] === DELETE API CALLED ===
[2026-03-09 03:43:13] Request Method: POST
[2026-03-09 03:43:13] User Agent: Mozilla/5.0 (Windows NT 10.0; Win64; x64) AppleWebKit/537.36 (KHTML, like Gecko) Chrome/145.0.0.0 Safari/537.36
[2026-03-09 03:43:13] Database connection OK
[2026-03-09 03:43:13] STEP 1: Getting count of delivery_records...
[2026-03-09 03:43:13] Found 1393 delivery records
[2026-03-09 03:43:13] STEP 2: Executing DELETE FROM delivery_records...
[2026-03-09 03:43:13] Successfully deleted 1393 records from delivery_records
[2026-03-09 03:43:13] STEP 3: Executing DELETE FROM inventory...
[2026-03-09 03:43:13] Inventory cleared
[2026-03-09 03:43:13] STEP 4: Executing DELETE FROM security_alerts...
[2026-03-09 03:43:13] Security alerts cleared
[2026-03-09 03:43:13] STEP 5: Executing DELETE FROM login_attempts...
[2026-03-09 03:43:13] Login attempts cleared
[2026-03-09 03:43:13] STEP 6: Verifying all data deleted...
[2026-03-09 03:43:13] Verification - delivery_records: 0 records remaining
[2026-03-09 03:43:13] Verification - security_alerts: 0 records remaining
[2026-03-09 03:43:13] SUCCESS: Deleted 1393 delivery records and cleared all related data
[2026-03-09 03:43:13] === DELETE API END ===\n
[2026-03-09 03:43:16] === DELETE API CALLED ===
[2026-03-09 03:43:16] Request Method: POST
[2026-03-09 03:43:16] User Agent: Mozilla/5.0 (Windows NT 10.0; Win64; x64) AppleWebKit/537.36 (KHTML, like Gecko) Chrome/145.0.0.0 Safari/537.36
[2026-03-09 03:43:16] Database connection OK
[2026-03-09 03:43:16] STEP 1: Getting count of delivery_records...
[2026-03-09 03:43:16] Found 0 delivery records
[2026-03-09 03:43:16] STEP 2: Executing DELETE FROM delivery_records...
[2026-03-09 03:43:16] Successfully deleted 0 records from delivery_records
[2026-03-09 03:43:16] STEP 3: Executing DELETE FROM inventory...
[2026-03-09 03:43:16] Inventory cleared
[2026-03-09 03:43:16] STEP 4: Executing DELETE FROM security_alerts...
[2026-03-09 03:43:16] Security alerts cleared
[2026-03-09 03:43:16] STEP 5: Executing DELETE FROM login_attempts...
[2026-03-09 03:43:16] Login attempts cleared
[2026-03-09 03:43:16] STEP 6: Verifying all data deleted...
[2026-03-09 03:43:16] Verification - delivery_records: 0 records remaining
[2026-03-09 03:43:16] Verification - security_alerts: 0 records remaining
[2026-03-09 03:43:16] SUCCESS: Deleted 0 delivery records and cleared all related data
[2026-03-09 03:43:16] === DELETE API END ===\n
[2026-03-09 03:43:18] === DELETE API CALLED ===
[2026-03-09 03:43:18] Request Method: POST
[2026-03-09 03:43:18] User Agent: Mozilla/5.0 (Windows NT 10.0; Win64; x64) AppleWebKit/537.36 (KHTML, like Gecko) Chrome/145.0.0.0 Safari/537.36
[2026-03-09 03:43:18] Database connection OK
[2026-03-09 03:43:18] STEP 1: Getting count of delivery_records...
[2026-03-09 03:43:18] Found 0 delivery records
[2026-03-09 03:43:18] STEP 2: Executing DELETE FROM delivery_records...
[2026-03-09 03:43:18] Successfully deleted 0 records from delivery_records
[2026-03-09 03:43:18] STEP 3: Executing DELETE FROM inventory...
[2026-03-09 03:43:18] Inventory cleared
[2026-03-09 03:43:18] STEP 4: Executing DELETE FROM security_alerts...
[2026-03-09 03:43:18] Security alerts cleared
[2026-03-09 03:43:18] STEP 5: Executing DELETE FROM login_attempts...
[2026-03-09 03:43:18] Login attempts cleared
[2026-03-09 03:43:18] STEP 6: Verifying all data deleted...
[2026-03-09 03:43:18] Verification - delivery_records: 0 records remaining
[2026-03-09 03:43:18] Verification - security_alerts: 0 records remaining
[2026-03-09 03:43:18] SUCCESS: Deleted 0 delivery records and cleared all related data
[2026-03-09 03:43:18] === DELETE API END ===\n
[2026-03-09 04:09:34] === DELETE API CALLED ===
[2026-03-09 04:09:34] Request Method: POST
[2026-03-09 04:09:34] User Agent: Mozilla/5.0 (Windows NT 10.0; Win64; x64) AppleWebKit/537.36 (KHTML, like Gecko) Chrome/145.0.0.0 Safari/537.36 Edg/145.0.0.0
[2026-03-09 04:09:34] Database connection OK
[2026-03-09 04:09:34] STEP 1: Getting count of delivery_records...
[2026-03-09 04:09:34] Found 697 delivery records
[2026-03-09 04:09:34] STEP 2: Executing DELETE FROM delivery_records...
[2026-03-09 04:09:34] Successfully deleted 697 records from delivery_records
[2026-03-09 04:09:34] STEP 3: Executing DELETE FROM inventory...
[2026-03-09 04:09:34] Inventory cleared
[2026-03-09 04:09:34] STEP 4: Executing DELETE FROM security_alerts...
[2026-03-09 04:09:34] Security alerts cleared
[2026-03-09 04:09:34] STEP 5: Executing DELETE FROM login_attempts...
[2026-03-09 04:09:34] Login attempts cleared
[2026-03-09 04:09:34] STEP 6: Verifying all data deleted...
[2026-03-09 04:09:34] Verification - delivery_records: 0 records remaining
[2026-03-09 04:09:34] Verification - security_alerts: 0 records remaining
[2026-03-09 04:09:34] SUCCESS: Deleted 697 delivery records and cleared all related data
[2026-03-09 04:09:34] === DELETE API END ===\n
[2026-03-09 04:39:15] === DELETE API CALLED ===
[2026-03-09 04:39:15] Request Method: POST
[2026-03-09 04:39:15] User Agent: Mozilla/5.0 (Windows NT 10.0; Win64; x64) AppleWebKit/537.36 (KHTML, like Gecko) Chrome/145.0.0.0 Safari/537.36 Edg/145.0.0.0
[2026-03-09 04:39:15] Database connection OK
[2026-03-09 04:39:15] STEP 1: Getting count of delivery_records...
[2026-03-09 04:39:15] Found 697 delivery records
[2026-03-09 04:39:15] STEP 2: Executing DELETE FROM delivery_records...
[2026-03-09 04:39:15] Successfully deleted 697 records from delivery_records
[2026-03-09 04:39:15] STEP 3: Executing DELETE FROM inventory...
[2026-03-09 04:39:15] Inventory cleared
[2026-03-09 04:39:15] STEP 4: Executing DELETE FROM security_alerts...
[2026-03-09 04:39:15] Security alerts cleared
[2026-03-09 04:39:15] STEP 5: Executing DELETE FROM login_attempts...
[2026-03-09 04:39:15] Login attempts cleared
[2026-03-09 04:39:15] STEP 6: Verifying all data deleted...
[2026-03-09 04:39:15] Verification - delivery_records: 0 records remaining
[2026-03-09 04:39:15] Verification - security_alerts: 0 records remaining
[2026-03-09 04:39:15] SUCCESS: Deleted 697 delivery records and cleared all related data
[2026-03-09 04:39:15] === DELETE API END ===\n
[2026-03-09 05:02:48] === DELETE API CALLED ===
[2026-03-09 05:02:48] Request Method: POST
[2026-03-09 05:02:48] User Agent: Mozilla/5.0 (Windows NT 10.0; Win64; x64) AppleWebKit/537.36 (KHTML, like Gecko) Chrome/145.0.0.0 Safari/537.36 Edg/145.0.0.0
[2026-03-09 05:02:48] Database connection OK
[2026-03-09 05:02:48] STEP 1: Getting count of delivery_records...
[2026-03-09 05:02:48] Found 1394 delivery records
[2026-03-09 05:02:48] STEP 2: Executing DELETE FROM delivery_records...
[2026-03-09 05:02:48] Successfully deleted 1394 records from delivery_records
[2026-03-09 05:02:48] STEP 3: Executing DELETE FROM inventory...
[2026-03-09 05:02:48] Inventory cleared
[2026-03-09 05:02:48] STEP 4: Executing DELETE FROM security_alerts...
[2026-03-09 05:02:48] Security alerts cleared
[2026-03-09 05:02:48] STEP 5: Executing DELETE FROM login_attempts...
[2026-03-09 05:02:48] Login attempts cleared
[2026-03-09 05:02:48] STEP 6: Verifying all data deleted...
[2026-03-09 05:02:48] Verification - delivery_records: 0 records remaining
[2026-03-09 05:02:48] Verification - security_alerts: 0 records remaining
[2026-03-09 05:02:48] SUCCESS: Deleted 1394 delivery records and cleared all related data
[2026-03-09 05:02:48] === DELETE API END ===\n
[2026-03-09 06:30:16] === DELETE API CALLED ===
[2026-03-09 06:30:16] Request Method: POST
[2026-03-09 06:30:16] User Agent: Mozilla/5.0 (Windows NT 10.0; Win64; x64) AppleWebKit/537.36 (KHTML, like Gecko) Chrome/145.0.0.0 Safari/537.36 Edg/145.0.0.0
[2026-03-09 06:30:16] Database connection OK
[2026-03-09 06:30:16] STEP 1: Getting count of delivery_records...
[2026-03-09 06:30:16] Found 1393 delivery records
[2026-03-09 06:30:16] STEP 2: Executing DELETE FROM delivery_records...
[2026-03-09 06:30:16] Successfully deleted 1393 records from delivery_records
[2026-03-09 06:30:16] STEP 3: Executing DELETE FROM inventory...
[2026-03-09 06:30:16] Inventory cleared
[2026-03-09 06:30:16] STEP 4: Executing DELETE FROM security_alerts...
[2026-03-09 06:30:16] Security alerts cleared
[2026-03-09 06:30:16] STEP 5: Executing DELETE FROM login_attempts...
[2026-03-09 06:30:16] Login attempts cleared
[2026-03-09 06:30:16] STEP 6: Verifying all data deleted...
[2026-03-09 06:30:16] Verification - delivery_records: 0 records remaining
[2026-03-09 06:30:16] Verification - security_alerts: 0 records remaining
[2026-03-09 06:30:16] SUCCESS: Deleted 1393 delivery records and cleared all related data
[2026-03-09 06:30:16] === DELETE API END ===\n
[2026-03-09 06:31:33] === DELETE API CALLED ===
[2026-03-09 06:31:33] Request Method: POST
[2026-03-09 06:31:33] User Agent: Mozilla/5.0 (Windows NT 10.0; Win64; x64) AppleWebKit/537.36 (KHTML, like Gecko) Chrome/145.0.0.0 Safari/537.36 Edg/145.0.0.0
[2026-03-09 06:31:33] Database connection OK
[2026-03-09 06:31:33] STEP 1: Getting count of delivery_records...
[2026-03-09 06:31:33] Found 697 delivery records
[2026-03-09 06:31:33] STEP 2: Executing DELETE FROM delivery_records...
[2026-03-09 06:31:33] Successfully deleted 697 records from delivery_records
[2026-03-09 06:31:33] STEP 3: Executing DELETE FROM inventory...
[2026-03-09 06:31:33] Inventory cleared
[2026-03-09 06:31:33] STEP 4: Executing DELETE FROM security_alerts...
[2026-03-09 06:31:33] Security alerts cleared
[2026-03-09 06:31:33] STEP 5: Executing DELETE FROM login_attempts...
[2026-03-09 06:31:33] Login attempts cleared
[2026-03-09 06:31:33] STEP 6: Verifying all data deleted...
[2026-03-09 06:31:33] Verification - delivery_records: 0 records remaining
[2026-03-09 06:31:33] Verification - security_alerts: 0 records remaining
[2026-03-09 06:31:33] SUCCESS: Deleted 697 delivery records and cleared all related data
[2026-03-09 06:31:33] === DELETE API END ===\n
[2026-03-09 06:36:54] === DELETE API CALLED ===
[2026-03-09 06:36:54] Request Method: POST
[2026-03-09 06:36:54] User Agent: Mozilla/5.0 (Windows NT 10.0; Win64; x64) AppleWebKit/537.36 (KHTML, like Gecko) Chrome/145.0.0.0 Safari/537.36 Edg/145.0.0.0
[2026-03-09 06:36:54] Database connection OK
[2026-03-09 06:36:54] STEP 1: Getting count of delivery_records...
[2026-03-09 06:36:54] Found 2091 delivery records
[2026-03-09 06:36:54] STEP 2: Executing DELETE FROM delivery_records...
[2026-03-09 06:36:54] Successfully deleted 2091 records from delivery_records
[2026-03-09 06:36:54] STEP 3: Executing DELETE FROM inventory...
[2026-03-09 06:36:54] Inventory cleared
[2026-03-09 06:36:54] STEP 4: Executing DELETE FROM security_alerts...
[2026-03-09 06:36:54] Security alerts cleared
[2026-03-09 06:36:54] STEP 5: Executing DELETE FROM login_attempts...
[2026-03-09 06:36:54] Login attempts cleared
[2026-03-09 06:36:54] STEP 6: Verifying all data deleted...
[2026-03-09 06:36:54] Verification - delivery_records: 0 records remaining
[2026-03-09 06:36:54] Verification - security_alerts: 0 records remaining
[2026-03-09 06:36:54] SUCCESS: Deleted 2091 delivery records and cleared all related data
[2026-03-09 06:36:54] === DELETE API END ===\n
[2026-03-09 06:42:55] === DELETE API CALLED ===
[2026-03-09 06:42:55] Request Method: POST
[2026-03-09 06:42:55] User Agent: Mozilla/5.0 (Windows NT 10.0; Win64; x64) AppleWebKit/537.36 (KHTML, like Gecko) Chrome/145.0.0.0 Safari/537.36 Edg/145.0.0.0
[2026-03-09 06:42:55] Database connection OK
[2026-03-09 06:42:55] STEP 1: Getting count of delivery_records...
[2026-03-09 06:42:55] Found 1393 delivery records
[2026-03-09 06:42:55] STEP 2: Executing DELETE FROM delivery_records...
[2026-03-09 06:42:55] Successfully deleted 1393 records from delivery_records
[2026-03-09 06:42:55] STEP 3: Executing DELETE FROM inventory...
[2026-03-09 06:42:55] Inventory cleared
[2026-03-09 06:42:55] STEP 4: Executing DELETE FROM security_alerts...
[2026-03-09 06:42:55] Security alerts cleared
[2026-03-09 06:42:55] STEP 5: Executing DELETE FROM login_attempts...
[2026-03-09 06:42:55] Login attempts cleared
[2026-03-09 06:42:55] STEP 6: Verifying all data deleted...
[2026-03-09 06:42:55] Verification - delivery_records: 0 records remaining
[2026-03-09 06:42:55] Verification - security_alerts: 0 records remaining
[2026-03-09 06:42:55] SUCCESS: Deleted 1393 delivery records and cleared all related data
[2026-03-09 06:42:55] === DELETE API END ===\n
[2026-03-09 06:49:27] === DELETE API CALLED ===
[2026-03-09 06:49:27] Request Method: POST
[2026-03-09 06:49:27] User Agent: Mozilla/5.0 (Windows NT 10.0; Win64; x64) AppleWebKit/537.36 (KHTML, like Gecko) Chrome/145.0.0.0 Safari/537.36 Edg/145.0.0.0
[2026-03-09 06:49:27] Database connection OK
[2026-03-09 06:49:27] STEP 1: Getting count of delivery_records...
[2026-03-09 06:49:27] Found 2091 delivery records
[2026-03-09 06:49:27] STEP 2: Executing DELETE FROM delivery_records...
[2026-03-09 06:49:27] Successfully deleted 2091 records from delivery_records
[2026-03-09 06:49:27] STEP 3: Executing DELETE FROM inventory...
[2026-03-09 06:49:27] Inventory cleared
[2026-03-09 06:49:27] STEP 4: Executing DELETE FROM security_alerts...
[2026-03-09 06:49:27] Security alerts cleared
[2026-03-09 06:49:27] STEP 5: Executing DELETE FROM login_attempts...
[2026-03-09 06:49:27] Login attempts cleared
[2026-03-09 06:49:27] STEP 6: Verifying all data deleted...
[2026-03-09 06:49:27] Verification - delivery_records: 0 records remaining
[2026-03-09 06:49:27] Verification - security_alerts: 0 records remaining
[2026-03-09 06:49:27] SUCCESS: Deleted 2091 delivery records and cleared all related data
[2026-03-09 06:49:27] === DELETE API END ===\n
[2026-03-09 06:51:32] === DELETE API CALLED ===
[2026-03-09 06:51:32] Request Method: POST
[2026-03-09 06:51:32] User Agent: Mozilla/5.0 (Windows NT 10.0; Win64; x64) AppleWebKit/537.36 (KHTML, like Gecko) Chrome/145.0.0.0 Safari/537.36 Edg/145.0.0.0
[2026-03-09 06:51:32] Database connection OK
[2026-03-09 06:51:32] STEP 1: Getting count of delivery_records...
[2026-03-09 06:51:32] Found 1394 delivery records
[2026-03-09 06:51:32] STEP 2: Executing DELETE FROM delivery_records...
[2026-03-09 06:51:32] Successfully deleted 1394 records from delivery_records
[2026-03-09 06:51:32] STEP 3: Executing DELETE FROM inventory...
[2026-03-09 06:51:32] Inventory cleared
[2026-03-09 06:51:32] STEP 4: Executing DELETE FROM security_alerts...
[2026-03-09 06:51:32] Security alerts cleared
[2026-03-09 06:51:32] STEP 5: Executing DELETE FROM login_attempts...
[2026-03-09 06:51:32] Login attempts cleared
[2026-03-09 06:51:32] STEP 6: Verifying all data deleted...
[2026-03-09 06:51:32] Verification - delivery_records: 0 records remaining
[2026-03-09 06:51:32] Verification - security_alerts: 0 records remaining
[2026-03-09 06:51:32] SUCCESS: Deleted 1394 delivery records and cleared all related data
[2026-03-09 06:51:32] === DELETE API END ===\n
[2026-03-10 02:08:02] === DELETE API CALLED ===
[2026-03-10 02:08:02] Request Method: POST
[2026-03-10 02:08:02] User Agent: Mozilla/5.0 (Windows NT 10.0; Win64; x64) AppleWebKit/537.36 (KHTML, like Gecko) Chrome/145.0.0.0 Safari/537.36 Edg/145.0.0.0
[2026-03-10 02:08:02] Database connection OK
[2026-03-10 02:08:02] STEP 1: Getting count of delivery_records...
[2026-03-10 02:08:02] Found 2090 delivery records
[2026-03-10 02:08:02] STEP 2: Executing DELETE FROM delivery_records...
[2026-03-10 02:08:02] Successfully deleted 2090 records from delivery_records
[2026-03-10 02:08:02] STEP 3: Executing DELETE FROM inventory...
[2026-03-10 02:08:02] Inventory cleared
[2026-03-10 02:08:02] STEP 4: Executing DELETE FROM security_alerts...
[2026-03-10 02:08:02] Security alerts cleared
[2026-03-10 02:08:02] STEP 5: Executing DELETE FROM login_attempts...
[2026-03-10 02:08:02] Login attempts cleared
[2026-03-10 02:08:02] STEP 6: Verifying all data deleted...
[2026-03-10 02:08:02] Verification - delivery_records: 0 records remaining
[2026-03-10 02:08:02] Verification - security_alerts: 0 records remaining
[2026-03-10 02:08:02] SUCCESS: Deleted 2090 delivery records and cleared all related data
[2026-03-10 02:08:02] === DELETE API END ===\n
